<?xml version="1.0" encoding="UTF-8"?>
<beans xmlns="http://www.springframework.org/schema/beans"
       xmlns:xsi="http://www.w3.org/2001/XMLSchema-instance"
       xmlns:context="http://www.springframework.org/schema/context"
       xmlns:jdbc="http://www.springframework.org/schema/jdbc"
       xsi:schemaLocation="http://www.springframework.org/schema/beans
       https://www.springframework.org/schema/beans/spring-beans.xsd
       http://www.springframework.org/schema/context
    	http://www.springframework.org/schema/context/spring-context.xsd
        http://www.springframework.org/schema/jdbc http://www.springframework.org/schema/jdbc/spring-jdbc.xsd">

<!--        <context:property-placeholder location="classpath*:jdbc-queries.properties"/>-->

    <bean id="namedParameterJdbcTemplate" class="org.springframework.jdbc.core.namedparam.NamedParameterJdbcTemplate">
        <constructor-arg ref="dataSource"/>
    </bean>

    <bean id="driverDao"
          class="com.epam.brest.dao.DriverDaoJdbcImpl">
        <constructor-arg ref="namedParameterJdbcTemplate"/>
    </bean>

    <bean id="driverDtoDao" class="com.epam.brest.dao.dto.DriverDtoDaoJdbcImpl">
        <constructor-arg ref="namedParameterJdbcTemplate"/>
    </bean>

    <bean id="carDao" class="com.epam.brest.dao.CarDaoJdbcImpl">
        <constructor-arg ref="namedParameterJdbcTemplate"/>
    </bean>

    <bean class="org.springframework.context.support.PropertySourcesPlaceholderConfigurer">
        <property name="locations">
            <list>
                <value>classpath*:test-db.properties</value>
                <value>classpath*:jdbc-queries.properties</value>
            </list>
        </property>
    </bean>
</beans>